2016-10-02 16:17:39 - PHP Notice:  Undefined index: line-height in E:\gocdochoi.com\system\vendor\BurnEngine\widget\SeparatorWidget.php on line 42
2016-10-02 16:17:39 - PHP Notice:  Undefined index: line-height in E:\gocdochoi.com\system\vendor\BurnEngine\widget\SeparatorWidget.php on line 42
2016-10-02 16:19:57 - PHP Notice:  Undefined index: line-height in E:\gocdochoi.com\system\vendor\BurnEngine\widget\SeparatorWidget.php on line 42
2016-10-02 16:19:57 - PHP Notice:  Undefined index: line-height in E:\gocdochoi.com\system\vendor\BurnEngine\widget\SeparatorWidget.php on line 42
2016-10-02 16:42:47 - PHP Notice:  Undefined index: line-height in E:\gocdochoi.com\system\vendor\BurnEngine\widget\SeparatorWidget.php on line 42
2016-10-02 16:42:47 - PHP Notice:  Undefined index: line-height in E:\gocdochoi.com\system\vendor\BurnEngine\widget\SeparatorWidget.php on line 42
2016-10-02 16:42:52 - PHP Notice:  Undefined index: line-height in E:\gocdochoi.com\system\vendor\BurnEngine\widget\SeparatorWidget.php on line 42
2016-10-02 16:42:52 - PHP Notice:  Undefined index: line-height in E:\gocdochoi.com\system\vendor\BurnEngine\widget\SeparatorWidget.php on line 42
2016-10-02 16:43:03 - PHP Notice:  Undefined index: store_meta in E:\gocdochoi.com\system\vendor\BurnEngine\extension\seo\admin\model\defaultModel.php on line 39
2016-10-02 16:43:59 - PHP Notice:  Undefined index: line-height in E:\gocdochoi.com\system\vendor\BurnEngine\widget\SeparatorWidget.php on line 42
2016-10-02 16:43:59 - PHP Notice:  Undefined index: line-height in E:\gocdochoi.com\system\vendor\BurnEngine\widget\SeparatorWidget.php on line 42
2016-10-02 16:46:47 - PHP Notice:  Undefined index: line-height in E:\gocdochoi.com\system\vendor\BurnEngine\widget\SeparatorWidget.php on line 42
2016-10-02 16:46:47 - PHP Notice:  Undefined index: line-height in E:\gocdochoi.com\system\vendor\BurnEngine\widget\SeparatorWidget.php on line 42
2016-10-02 16:46:47 - PHP Notice:  Undefined index: line-height in E:\gocdochoi.com\system\vendor\BurnEngine\widget\SeparatorWidget.php on line 42
2016-10-02 16:46:54 - PHP Notice:  Undefined index: line-height in E:\gocdochoi.com\system\vendor\BurnEngine\widget\SeparatorWidget.php on line 42
2016-10-02 16:46:54 - PHP Notice:  Undefined index: line-height in E:\gocdochoi.com\system\vendor\BurnEngine\widget\SeparatorWidget.php on line 42
2016-10-02 16:47:05 - PHP Notice:  Undefined index: line-height in E:\gocdochoi.com\system\vendor\BurnEngine\widget\SeparatorWidget.php on line 42
2016-10-02 16:47:05 - PHP Notice:  Undefined index: line-height in E:\gocdochoi.com\system\vendor\BurnEngine\widget\SeparatorWidget.php on line 42
2016-10-02 16:47:31 - PHP Notice:  Undefined index: line-height in E:\gocdochoi.com\system\vendor\BurnEngine\widget\SeparatorWidget.php on line 42
2016-10-02 16:47:31 - PHP Notice:  Undefined index: line-height in E:\gocdochoi.com\system\vendor\BurnEngine\widget\SeparatorWidget.php on line 42
2016-10-02 16:47:33 - PHP Notice:  Undefined index: line-height in E:\gocdochoi.com\system\vendor\BurnEngine\widget\SeparatorWidget.php on line 42
2016-10-02 16:47:33 - PHP Notice:  Undefined index: line-height in E:\gocdochoi.com\system\vendor\BurnEngine\widget\SeparatorWidget.php on line 42
2016-10-02 16:47:34 - PHP Notice:  Undefined index: line-height in E:\gocdochoi.com\system\vendor\BurnEngine\widget\SeparatorWidget.php on line 42
2016-10-02 16:47:34 - PHP Notice:  Undefined index: line-height in E:\gocdochoi.com\system\vendor\BurnEngine\widget\SeparatorWidget.php on line 42
2016-10-02 16:47:43 - PHP Notice:  Undefined index: line-height in E:\gocdochoi.com\system\vendor\BurnEngine\widget\SeparatorWidget.php on line 42
2016-10-02 16:47:43 - PHP Notice:  Undefined index: line-height in E:\gocdochoi.com\system\vendor\BurnEngine\widget\SeparatorWidget.php on line 42
2016-10-02 16:47:50 - PHP Notice:  Undefined index: line-height in E:\gocdochoi.com\system\vendor\BurnEngine\widget\SeparatorWidget.php on line 42
2016-10-02 16:47:50 - PHP Notice:  Undefined index: line-height in E:\gocdochoi.com\system\vendor\BurnEngine\widget\SeparatorWidget.php on line 42
2016-10-02 16:47:51 - PHP Notice:  Undefined index: line-height in E:\gocdochoi.com\system\vendor\BurnEngine\widget\SeparatorWidget.php on line 42
2016-10-02 16:47:51 - PHP Notice:  Undefined index: line-height in E:\gocdochoi.com\system\vendor\BurnEngine\widget\SeparatorWidget.php on line 42
2016-10-02 16:48:57 - PHP Notice:  Undefined index: store_meta in E:\gocdochoi.com\system\vendor\BurnEngine\extension\seo\admin\model\defaultModel.php on line 39
2016-10-02 16:49:07 - PHP Notice:  Undefined index: line-height in E:\gocdochoi.com\system\vendor\BurnEngine\widget\SeparatorWidget.php on line 42
2016-10-02 16:49:07 - PHP Notice:  Undefined index: line-height in E:\gocdochoi.com\system\vendor\BurnEngine\widget\SeparatorWidget.php on line 42
2016-10-02 16:53:21 - PHP Notice:  Undefined index: line-height in E:\gocdochoi.com\system\vendor\BurnEngine\widget\SeparatorWidget.php on line 42
2016-10-02 16:53:21 - PHP Notice:  Undefined index: line-height in E:\gocdochoi.com\system\vendor\BurnEngine\widget\SeparatorWidget.php on line 42
2016-10-02 16:53:27 - PHP Notice:  Undefined index: line-height in E:\gocdochoi.com\system\vendor\BurnEngine\widget\SeparatorWidget.php on line 42
2016-10-02 16:53:27 - PHP Notice:  Undefined index: line-height in E:\gocdochoi.com\system\vendor\BurnEngine\widget\SeparatorWidget.php on line 42
2016-10-02 16:53:33 - PHP Notice:  Undefined index: line-height in E:\gocdochoi.com\system\vendor\BurnEngine\widget\SeparatorWidget.php on line 42
2016-10-02 16:53:33 - PHP Notice:  Undefined index: line-height in E:\gocdochoi.com\system\vendor\BurnEngine\widget\SeparatorWidget.php on line 42
2016-10-02 16:54:26 - PHP Notice:  Undefined index: line-height in E:\gocdochoi.com\system\vendor\BurnEngine\widget\SeparatorWidget.php on line 42
2016-10-02 16:54:26 - PHP Notice:  Undefined index: line-height in E:\gocdochoi.com\system\vendor\BurnEngine\widget\SeparatorWidget.php on line 42
2016-10-02 17:00:53 - PHP Notice:  Undefined index: line-height in E:\gocdochoi.com\system\vendor\BurnEngine\widget\SeparatorWidget.php on line 42
2016-10-02 17:00:53 - PHP Notice:  Undefined index: line-height in E:\gocdochoi.com\system\vendor\BurnEngine\widget\SeparatorWidget.php on line 42
2016-10-02 17:02:41 - PHP Notice:  Undefined index: line-height in E:\gocdochoi.com\system\vendor\BurnEngine\widget\SeparatorWidget.php on line 42
2016-10-02 17:02:41 - PHP Notice:  Undefined index: line-height in E:\gocdochoi.com\system\vendor\BurnEngine\widget\SeparatorWidget.php on line 42
2016-10-02 17:02:50 - PHP Notice:  Undefined index: line-height in E:\gocdochoi.com\system\vendor\BurnEngine\widget\SeparatorWidget.php on line 42
2016-10-02 17:02:50 - PHP Notice:  Undefined index: line-height in E:\gocdochoi.com\system\vendor\BurnEngine\widget\SeparatorWidget.php on line 42
2016-10-02 17:02:58 - PHP Notice:  Undefined index: line-height in E:\gocdochoi.com\system\vendor\BurnEngine\widget\SeparatorWidget.php on line 42
2016-10-02 17:02:58 - PHP Notice:  Undefined index: line-height in E:\gocdochoi.com\system\vendor\BurnEngine\widget\SeparatorWidget.php on line 42
2016-10-02 17:03:06 - PHP Notice:  Undefined index: line-height in E:\gocdochoi.com\system\vendor\BurnEngine\widget\SeparatorWidget.php on line 42
2016-10-02 17:03:06 - PHP Notice:  Undefined index: line-height in E:\gocdochoi.com\system\vendor\BurnEngine\widget\SeparatorWidget.php on line 42
2016-10-02 17:03:39 - PHP Notice:  Undefined index: line-height in E:\gocdochoi.com\system\vendor\BurnEngine\widget\SeparatorWidget.php on line 42
2016-10-02 17:03:39 - PHP Notice:  Undefined index: line-height in E:\gocdochoi.com\system\vendor\BurnEngine\widget\SeparatorWidget.php on line 42
2016-10-02 17:04:05 - PHP Notice:  Undefined index: line-height in E:\gocdochoi.com\system\vendor\BurnEngine\widget\SeparatorWidget.php on line 42
2016-10-02 17:04:05 - PHP Notice:  Undefined index: line-height in E:\gocdochoi.com\system\vendor\BurnEngine\widget\SeparatorWidget.php on line 42
2016-10-02 17:04:16 - PHP Notice:  Undefined index: line-height in E:\gocdochoi.com\system\vendor\BurnEngine\widget\SeparatorWidget.php on line 42
2016-10-02 17:04:16 - PHP Notice:  Undefined index: line-height in E:\gocdochoi.com\system\vendor\BurnEngine\widget\SeparatorWidget.php on line 42
2016-10-02 17:04:38 - PHP Notice:  Undefined index: line-height in E:\gocdochoi.com\system\vendor\BurnEngine\widget\SeparatorWidget.php on line 42
2016-10-02 17:04:38 - PHP Notice:  Undefined index: line-height in E:\gocdochoi.com\system\vendor\BurnEngine\widget\SeparatorWidget.php on line 42
2016-10-02 17:04:52 - PHP Notice:  Undefined index: line-height in E:\gocdochoi.com\system\vendor\BurnEngine\widget\SeparatorWidget.php on line 42
2016-10-02 17:04:52 - PHP Notice:  Undefined index: line-height in E:\gocdochoi.com\system\vendor\BurnEngine\widget\SeparatorWidget.php on line 42
2016-10-02 17:05:31 - PHP Notice:  Undefined index: line-height in E:\gocdochoi.com\system\vendor\BurnEngine\widget\SeparatorWidget.php on line 42
2016-10-02 17:05:31 - PHP Notice:  Undefined index: line-height in E:\gocdochoi.com\system\vendor\BurnEngine\widget\SeparatorWidget.php on line 42
2016-10-02 17:05:35 - PHP Notice:  Undefined index: line-height in E:\gocdochoi.com\system\vendor\BurnEngine\widget\SeparatorWidget.php on line 42
2016-10-02 17:05:35 - PHP Notice:  Undefined index: line-height in E:\gocdochoi.com\system\vendor\BurnEngine\widget\SeparatorWidget.php on line 42
2016-10-02 17:05:54 - PHP Notice:  Undefined index: line-height in E:\gocdochoi.com\system\vendor\BurnEngine\widget\SeparatorWidget.php on line 42
2016-10-02 17:05:54 - PHP Notice:  Undefined index: line-height in E:\gocdochoi.com\system\vendor\BurnEngine\widget\SeparatorWidget.php on line 42
2016-10-02 17:06:18 - PHP Notice:  Undefined index: line-height in E:\gocdochoi.com\system\vendor\BurnEngine\widget\SeparatorWidget.php on line 42
2016-10-02 17:06:18 - PHP Notice:  Undefined index: line-height in E:\gocdochoi.com\system\vendor\BurnEngine\widget\SeparatorWidget.php on line 42
2016-10-02 17:06:33 - PHP Notice:  Undefined index: line-height in E:\gocdochoi.com\system\vendor\BurnEngine\widget\SeparatorWidget.php on line 42
2016-10-02 17:06:33 - PHP Notice:  Undefined index: line-height in E:\gocdochoi.com\system\vendor\BurnEngine\widget\SeparatorWidget.php on line 42
2016-10-02 17:06:44 - PHP Notice:  Undefined index: line-height in E:\gocdochoi.com\system\vendor\BurnEngine\widget\SeparatorWidget.php on line 42
2016-10-02 17:06:44 - PHP Notice:  Undefined index: line-height in E:\gocdochoi.com\system\vendor\BurnEngine\widget\SeparatorWidget.php on line 42
2016-10-02 17:06:58 - PHP Notice:  Undefined index: line-height in E:\gocdochoi.com\system\vendor\BurnEngine\widget\SeparatorWidget.php on line 42
2016-10-02 17:06:58 - PHP Notice:  Undefined index: line-height in E:\gocdochoi.com\system\vendor\BurnEngine\widget\SeparatorWidget.php on line 42
2016-10-02 17:07:01 - PHP Notice:  Undefined index: line-height in E:\gocdochoi.com\system\vendor\BurnEngine\widget\SeparatorWidget.php on line 42
2016-10-02 17:07:01 - PHP Notice:  Undefined index: line-height in E:\gocdochoi.com\system\vendor\BurnEngine\widget\SeparatorWidget.php on line 42
2016-10-02 17:12:38 - PHP Notice:  Undefined index: line-height in E:\gocdochoi.com\system\vendor\BurnEngine\widget\SeparatorWidget.php on line 42
2016-10-02 17:12:38 - PHP Notice:  Undefined index: line-height in E:\gocdochoi.com\system\vendor\BurnEngine\widget\SeparatorWidget.php on line 42
2016-10-02 17:24:01 - PHP Notice:  Undefined index: line-height in E:\gocdochoi.com\system\vendor\BurnEngine\widget\SeparatorWidget.php on line 42
2016-10-02 17:24:01 - PHP Notice:  Undefined index: line-height in E:\gocdochoi.com\system\vendor\BurnEngine\widget\SeparatorWidget.php on line 42
2016-10-02 17:24:12 - PHP Notice:  Undefined index: line-height in E:\gocdochoi.com\system\vendor\BurnEngine\widget\SeparatorWidget.php on line 42
2016-10-02 17:24:12 - PHP Notice:  Undefined index: line-height in E:\gocdochoi.com\system\vendor\BurnEngine\widget\SeparatorWidget.php on line 42
2016-10-02 17:26:56 - PHP Notice:  Undefined index: line-height in E:\gocdochoi.com\system\vendor\BurnEngine\widget\SeparatorWidget.php on line 42
2016-10-02 17:26:56 - PHP Notice:  Undefined index: line-height in E:\gocdochoi.com\system\vendor\BurnEngine\widget\SeparatorWidget.php on line 42
2016-10-02 17:27:10 - PHP Notice:  Undefined index: line-height in E:\gocdochoi.com\system\vendor\BurnEngine\widget\SeparatorWidget.php on line 42
2016-10-02 17:27:10 - PHP Notice:  Undefined index: line-height in E:\gocdochoi.com\system\vendor\BurnEngine\widget\SeparatorWidget.php on line 42
2016-10-02 17:27:13 - PHP Notice:  Undefined index: line-height in E:\gocdochoi.com\system\vendor\BurnEngine\widget\SeparatorWidget.php on line 42
2016-10-02 17:27:13 - PHP Notice:  Undefined index: line-height in E:\gocdochoi.com\system\vendor\BurnEngine\widget\SeparatorWidget.php on line 42
2016-10-02 17:28:43 - PHP Notice:  Undefined index: line-height in E:\gocdochoi.com\system\vendor\BurnEngine\widget\SeparatorWidget.php on line 42
2016-10-02 17:28:43 - PHP Notice:  Undefined index: line-height in E:\gocdochoi.com\system\vendor\BurnEngine\widget\SeparatorWidget.php on line 42
2016-10-02 17:30:01 - PHP Notice:  Undefined index: line-height in E:\gocdochoi.com\system\vendor\BurnEngine\widget\SeparatorWidget.php on line 42
2016-10-02 17:30:01 - PHP Notice:  Undefined index: line-height in E:\gocdochoi.com\system\vendor\BurnEngine\widget\SeparatorWidget.php on line 42
2016-10-02 17:30:32 - PHP Notice:  Undefined index: line-height in E:\gocdochoi.com\system\vendor\BurnEngine\widget\SeparatorWidget.php on line 42
2016-10-02 17:30:32 - PHP Notice:  Undefined index: line-height in E:\gocdochoi.com\system\vendor\BurnEngine\widget\SeparatorWidget.php on line 42
2016-10-02 17:30:58 - PHP Notice:  Undefined index: line-height in E:\gocdochoi.com\system\vendor\BurnEngine\widget\SeparatorWidget.php on line 42
2016-10-02 17:30:58 - PHP Notice:  Undefined index: line-height in E:\gocdochoi.com\system\vendor\BurnEngine\widget\SeparatorWidget.php on line 42
2016-10-02 17:31:01 - PHP Notice:  Undefined index: line-height in E:\gocdochoi.com\system\vendor\BurnEngine\widget\SeparatorWidget.php on line 42
2016-10-02 17:31:01 - PHP Notice:  Undefined index: line-height in E:\gocdochoi.com\system\vendor\BurnEngine\widget\SeparatorWidget.php on line 42
2016-10-02 17:32:04 - PHP Notice:  Undefined index: line-height in E:\gocdochoi.com\system\vendor\BurnEngine\widget\SeparatorWidget.php on line 42
2016-10-02 17:32:04 - PHP Notice:  Undefined index: line-height in E:\gocdochoi.com\system\vendor\BurnEngine\widget\SeparatorWidget.php on line 42
2016-10-02 17:32:23 - PHP Notice:  Undefined index: line-height in E:\gocdochoi.com\system\vendor\BurnEngine\widget\SeparatorWidget.php on line 42
2016-10-02 17:32:23 - PHP Notice:  Undefined index: line-height in E:\gocdochoi.com\system\vendor\BurnEngine\widget\SeparatorWidget.php on line 42
2016-10-02 17:32:35 - PHP Notice:  Undefined index: line-height in E:\gocdochoi.com\system\vendor\BurnEngine\widget\SeparatorWidget.php on line 42
2016-10-02 17:32:35 - PHP Notice:  Undefined index: line-height in E:\gocdochoi.com\system\vendor\BurnEngine\widget\SeparatorWidget.php on line 42
2016-10-02 17:32:59 - PHP Notice:  Undefined index: line-height in E:\gocdochoi.com\system\vendor\BurnEngine\widget\SeparatorWidget.php on line 42
2016-10-02 17:32:59 - PHP Notice:  Undefined index: line-height in E:\gocdochoi.com\system\vendor\BurnEngine\widget\SeparatorWidget.php on line 42
2016-10-02 17:33:36 - PHP Notice:  Undefined index: line-height in E:\gocdochoi.com\system\vendor\BurnEngine\widget\SeparatorWidget.php on line 42
2016-10-02 17:33:36 - PHP Notice:  Undefined index: line-height in E:\gocdochoi.com\system\vendor\BurnEngine\widget\SeparatorWidget.php on line 42
2016-10-02 17:33:52 - PHP Notice:  Undefined index: line-height in E:\gocdochoi.com\system\vendor\BurnEngine\widget\SeparatorWidget.php on line 42
2016-10-02 17:33:52 - PHP Notice:  Undefined index: line-height in E:\gocdochoi.com\system\vendor\BurnEngine\widget\SeparatorWidget.php on line 42
2016-10-02 17:34:55 - PHP Notice:  Undefined index: line-height in E:\gocdochoi.com\system\vendor\BurnEngine\widget\SeparatorWidget.php on line 42
2016-10-02 17:34:55 - PHP Notice:  Undefined index: line-height in E:\gocdochoi.com\system\vendor\BurnEngine\widget\SeparatorWidget.php on line 42
2016-10-02 17:35:42 - PHP Notice:  Undefined index: line-height in E:\gocdochoi.com\system\vendor\BurnEngine\widget\SeparatorWidget.php on line 42
2016-10-02 17:35:42 - PHP Notice:  Undefined index: line-height in E:\gocdochoi.com\system\vendor\BurnEngine\widget\SeparatorWidget.php on line 42
2016-10-02 17:36:07 - PHP Notice:  Undefined index: line-height in E:\gocdochoi.com\system\vendor\BurnEngine\widget\SeparatorWidget.php on line 42
2016-10-02 17:36:07 - PHP Notice:  Undefined index: line-height in E:\gocdochoi.com\system\vendor\BurnEngine\widget\SeparatorWidget.php on line 42
2016-10-02 16:08:47 - PHP Notice:  Undefined index: line-height in /var/www/html/system/vendor/BurnEngine/widget/SeparatorWidget.php on line 42
2016-10-02 16:08:47 - PHP Notice:  Undefined index: line-height in /var/www/html/system/vendor/BurnEngine/widget/SeparatorWidget.php on line 42
2016-10-03 1:53:27 - PHP Notice:  Undefined index: line-height in /var/www/html/system/vendor/BurnEngine/widget/SeparatorWidget.php on line 42
2016-10-03 1:53:27 - PHP Notice:  Undefined index: line-height in /var/www/html/system/vendor/BurnEngine/widget/SeparatorWidget.php on line 42
2016-10-03 2:29:54 - PHP Notice:  Undefined index: line-height in /var/www/html/system/vendor/BurnEngine/widget/SeparatorWidget.php on line 42
2016-10-03 2:29:54 - PHP Notice:  Undefined index: line-height in /var/www/html/system/vendor/BurnEngine/widget/SeparatorWidget.php on line 42
2016-10-03 6:23:50 - PHP Notice:  Undefined index: line-height in /var/www/html/system/vendor/BurnEngine/widget/SeparatorWidget.php on line 42
2016-10-03 6:23:50 - PHP Notice:  Undefined index: line-height in /var/www/html/system/vendor/BurnEngine/widget/SeparatorWidget.php on line 42
2016-10-03 6:29:38 - PHP Notice:  Undefined index: line-height in /var/www/html/system/vendor/BurnEngine/widget/SeparatorWidget.php on line 42
2016-10-03 6:29:38 - PHP Notice:  Undefined index: line-height in /var/www/html/system/vendor/BurnEngine/widget/SeparatorWidget.php on line 42
2016-10-03 6:29:38 - PHP Notice:  Undefined index: separator_title in /var/www/html/system/vendor/BurnEngine/widget/SeparatorWidget.php on line 42
2016-10-03 6:29:38 - PHP Notice:  Undefined index: separator_title in /var/www/html/system/vendor/BurnEngine/widget/SeparatorWidget.php on line 42
2016-10-03 6:29:38 - PHP Notice:  Undefined index: separator_title in /var/www/html/system/vendor/BurnEngine/widget/SeparatorWidget.php on line 42
2016-10-03 6:29:52 - PHP Notice:  Undefined index: line-height in /var/www/html/system/vendor/BurnEngine/widget/SeparatorWidget.php on line 42
2016-10-03 6:29:52 - PHP Notice:  Undefined index: line-height in /var/www/html/system/vendor/BurnEngine/widget/SeparatorWidget.php on line 42
2016-10-03 6:29:52 - PHP Notice:  Undefined index: separator_title in /var/www/html/system/vendor/BurnEngine/widget/SeparatorWidget.php on line 42
2016-10-03 6:29:52 - PHP Notice:  Undefined index: separator_title in /var/www/html/system/vendor/BurnEngine/widget/SeparatorWidget.php on line 42
2016-10-03 6:29:52 - PHP Notice:  Undefined index: separator_title in /var/www/html/system/vendor/BurnEngine/widget/SeparatorWidget.php on line 42
2016-10-03 6:29:52 - PHP Notice:  Undefined index: separator_title in /var/www/html/system/vendor/BurnEngine/widget/SeparatorWidget.php on line 42
2016-10-03 6:30:17 - PHP Notice:  Undefined index: line-height in /var/www/html/system/vendor/BurnEngine/widget/SeparatorWidget.php on line 42
2016-10-03 6:30:17 - PHP Notice:  Undefined index: line-height in /var/www/html/system/vendor/BurnEngine/widget/SeparatorWidget.php on line 42
2016-10-03 6:30:17 - PHP Notice:  Undefined index: separator_title in /var/www/html/system/vendor/BurnEngine/widget/SeparatorWidget.php on line 42
2016-10-03 6:30:17 - PHP Notice:  Undefined index: separator_title in /var/www/html/system/vendor/BurnEngine/widget/SeparatorWidget.php on line 42
2016-10-03 6:30:17 - PHP Notice:  Undefined index: separator_title in /var/www/html/system/vendor/BurnEngine/widget/SeparatorWidget.php on line 42
2016-10-03 6:30:20 - PHP Notice:  Undefined index: line-height in /var/www/html/system/vendor/BurnEngine/widget/SeparatorWidget.php on line 42
2016-10-03 6:30:20 - PHP Notice:  Undefined index: line-height in /var/www/html/system/vendor/BurnEngine/widget/SeparatorWidget.php on line 42
2016-10-03 6:30:20 - PHP Notice:  Undefined index: separator_title in /var/www/html/system/vendor/BurnEngine/widget/SeparatorWidget.php on line 42
2016-10-03 6:30:20 - PHP Notice:  Undefined index: separator_title in /var/www/html/system/vendor/BurnEngine/widget/SeparatorWidget.php on line 42
2016-10-03 6:30:20 - PHP Notice:  Undefined index: separator_title in /var/www/html/system/vendor/BurnEngine/widget/SeparatorWidget.php on line 42
2016-10-03 6:30:20 - PHP Notice:  Undefined index: line-height in /var/www/html/system/vendor/BurnEngine/widget/SeparatorWidget.php on line 42
2016-10-03 6:30:20 - PHP Notice:  Undefined index: line-height in /var/www/html/system/vendor/BurnEngine/widget/SeparatorWidget.php on line 42
2016-10-03 6:30:20 - PHP Notice:  Undefined index: separator_title in /var/www/html/system/vendor/BurnEngine/widget/SeparatorWidget.php on line 42
2016-10-03 6:30:20 - PHP Notice:  Undefined index: separator_title in /var/www/html/system/vendor/BurnEngine/widget/SeparatorWidget.php on line 42
2016-10-03 6:30:52 - PHP Notice:  Undefined index: line-height in /var/www/html/system/vendor/BurnEngine/widget/SeparatorWidget.php on line 42
2016-10-03 6:30:52 - PHP Notice:  Undefined index: line-height in /var/www/html/system/vendor/BurnEngine/widget/SeparatorWidget.php on line 42
2016-10-03 6:30:55 - PHP Notice:  Undefined index: line-height in /var/www/html/system/vendor/BurnEngine/widget/SeparatorWidget.php on line 42
2016-10-03 6:30:55 - PHP Notice:  Undefined index: line-height in /var/www/html/system/vendor/BurnEngine/widget/SeparatorWidget.php on line 42
2016-10-03 6:32:27 - PHP Notice:  Undefined index: line-height in /var/www/html/system/vendor/BurnEngine/widget/SeparatorWidget.php on line 42
2016-10-03 6:32:27 - PHP Notice:  Undefined index: line-height in /var/www/html/system/vendor/BurnEngine/widget/SeparatorWidget.php on line 42
2016-10-03 6:32:27 - PHP Notice:  Undefined index: line-height in /var/www/html/system/vendor/BurnEngine/widget/SeparatorWidget.php on line 42
2016-10-03 6:34:27 - PHP Notice:  Undefined index: line-height in /var/www/html/system/vendor/BurnEngine/widget/SeparatorWidget.php on line 42
2016-10-03 6:34:27 - PHP Notice:  Undefined index: line-height in /var/www/html/system/vendor/BurnEngine/widget/SeparatorWidget.php on line 42
2016-10-03 6:34:33 - PHP Notice:  Undefined index: line-height in /var/www/html/system/vendor/BurnEngine/widget/SeparatorWidget.php on line 42
2016-10-03 6:34:33 - PHP Notice:  Undefined index: line-height in /var/www/html/system/vendor/BurnEngine/widget/SeparatorWidget.php on line 42
2016-10-03 7:54:18 - PHP Notice:  Undefined index: line-height in /var/www/html/system/vendor/BurnEngine/widget/SeparatorWidget.php on line 42
2016-10-03 7:54:18 - PHP Notice:  Undefined index: line-height in /var/www/html/system/vendor/BurnEngine/widget/SeparatorWidget.php on line 42
2016-10-03 7:54:18 - PHP Notice:  Undefined index: line-height in /var/www/html/system/vendor/BurnEngine/widget/SeparatorWidget.php on line 42
2016-10-03 7:54:30 - PHP Notice:  Undefined index: listing_layout in /var/www/html/system/vendor/BurnEngine/catalog/plugin/ProductPlugin.php on line 380
2016-10-03 7:54:31 - PHP Notice:  Undefined index: line-height in /var/www/html/system/vendor/BurnEngine/widget/SeparatorWidget.php on line 42
2016-10-03 7:54:31 - PHP Notice:  Undefined index: line-height in /var/www/html/system/vendor/BurnEngine/widget/SeparatorWidget.php on line 42
2016-10-03 8:00:01 - PHP Notice:  Undefined index: line-height in /var/www/html/system/vendor/BurnEngine/widget/SeparatorWidget.php on line 42
2016-10-03 8:00:01 - PHP Notice:  Undefined index: line-height in /var/www/html/system/vendor/BurnEngine/widget/SeparatorWidget.php on line 42
2016-10-06 19:37:31 - PHP Notice:  Undefined index: css_weight in /var/www/html/system/vendor/BurnEngine/library/StyleBuilder.php on line 282
2016-10-06 19:37:31 - PHP Notice:  Undefined index: css_weight in /var/www/html/system/vendor/BurnEngine/library/StyleBuilder.php on line 283
2016-10-06 19:37:31 - PHP Notice:  Undefined index: css_style in /var/www/html/system/vendor/BurnEngine/library/StyleBuilder.php on line 285
2016-10-06 19:37:31 - PHP Notice:  Undefined index: css_style in /var/www/html/system/vendor/BurnEngine/library/StyleBuilder.php on line 286
