2016-10-02 14:17:18 - MOD: Modification Default

FILE: system/engine/action.php
REGEX: ~(require|include)(_once)?\(([^)]+)~
LINE: 41

FILE: system/engine/loader.php
REGEX: ~(require|include)(_once)?\(([^)]+)~
LINE: 49
LINE: 108
LINE: 120
LINE: 165

FILE: system/library/config.php
REGEX: ~(require|include)(_once)?\(([^)]+)~
LINE: 23

FILE: system/library/language.php
REGEX: ~(require|include)(_once)?\(([^)]+)~
LINE: 38
LINE: 40
LINE: 49
LINE: 51
LINE: 60
LINE: 62

FILE: system/library/template/php.php
REGEX: ~(require|include)(_once)?\(([^)]+)~
LINE: 18

FILE: system/library/template/tiwg.php
REGEX: ~(require|include)(_once)?\(([^)]+)~
LINE: 24
----------------------------------------------------------------
MOD: BurnEngine

FILE: catalog/model/catalog/product.php
CODE: public function getProducts($data = array()) {
LINE: 63

FILE: catalog/controller/extension/module/latest.php
CODE: $filter_data = array(
LINE: 22
CODE: foreach ($results as $result) {
LINE: 37

FILE: system/library/response.php
CODE: if ($this->output) {
LINE: 63
CODE: public function redirect($url, $status = 302) {
LINE: 15

FILE: admin/view/template/common/column_left.tpl
CODE: <?php foreach ($menus as $menu) { ?>
LINE: 17

FILE: catalog/controller/startup/seo_url.php
CODE: if (isset($this->request->get['_route_'])) {
LINE: 14
CODE: return $this->load->view(
LINE: 88

FILE: system/engine/event.php
CODE: $this->registry = $registry;
LINE: 14
----------------------------------------------------------------
2016-10-02 14:18:55 - MOD: Modification Default

FILE: system/engine/action.php
REGEX: ~(require|include)(_once)?\(([^)]+)~
LINE: 41

FILE: system/engine/loader.php
REGEX: ~(require|include)(_once)?\(([^)]+)~
LINE: 49
LINE: 108
LINE: 120
LINE: 165

FILE: system/library/config.php
REGEX: ~(require|include)(_once)?\(([^)]+)~
LINE: 23

FILE: system/library/language.php
REGEX: ~(require|include)(_once)?\(([^)]+)~
LINE: 38
LINE: 40
LINE: 49
LINE: 51
LINE: 60
LINE: 62

FILE: system/library/template/php.php
REGEX: ~(require|include)(_once)?\(([^)]+)~
LINE: 18

FILE: system/library/template/tiwg.php
REGEX: ~(require|include)(_once)?\(([^)]+)~
LINE: 24
----------------------------------------------------------------
MOD: BurnEngine

FILE: catalog/model/catalog/product.php
CODE: public function getProducts($data = array()) {
LINE: 63

FILE: catalog/controller/extension/module/latest.php
CODE: $filter_data = array(
LINE: 22
CODE: foreach ($results as $result) {
LINE: 37

FILE: system/library/response.php
CODE: if ($this->output) {
LINE: 63
CODE: public function redirect($url, $status = 302) {
LINE: 15

FILE: admin/view/template/common/column_left.tpl
CODE: <?php foreach ($menus as $menu) { ?>
LINE: 17

FILE: catalog/controller/startup/seo_url.php
CODE: if (isset($this->request->get['_route_'])) {
LINE: 14
CODE: return $this->load->view(
LINE: 88

FILE: system/engine/event.php
CODE: $this->registry = $registry;
LINE: 14
----------------------------------------------------------------
MOD: Stories (Blog and News)
CODE: if ($url[0] == 'information_id') {
LINE: 56
CODE: if (isset($this->request->get['_route_'])) {
LINE: 20
CODE: if ($query->num_rows && $query->row['keyword']) {
LINE: 113
CODE: if (isset($this->request->get['product_id'])) {
LINE: 88
CODE: ($data['route'] == 'information/information' && $key == 'information_id')
LINE: 112
CODE: } elseif ($key == 'path') {
LINE: 136
----------------------------------------------------------------
2016-10-02 16:17:28 - MOD: Modification Default

FILE: system/engine/action.php
REGEX: ~(require|include)(_once)?\(([^)]+)~
LINE: 41

FILE: system/engine/loader.php
REGEX: ~(require|include)(_once)?\(([^)]+)~
LINE: 49
LINE: 108
LINE: 120
LINE: 165

FILE: system/library/config.php
REGEX: ~(require|include)(_once)?\(([^)]+)~
LINE: 23

FILE: system/library/language.php
REGEX: ~(require|include)(_once)?\(([^)]+)~
LINE: 38
LINE: 40
LINE: 49
LINE: 51
LINE: 60
LINE: 62

FILE: system/library/template/php.php
REGEX: ~(require|include)(_once)?\(([^)]+)~
LINE: 18

FILE: system/library/template/tiwg.php
REGEX: ~(require|include)(_once)?\(([^)]+)~
LINE: 24
----------------------------------------------------------------
MOD: BurnEngine

FILE: catalog/model/catalog/product.php
CODE: public function getProducts($data = array()) {
LINE: 63

FILE: catalog/controller/extension/module/latest.php
CODE: $filter_data = array(
LINE: 22
CODE: foreach ($results as $result) {
LINE: 37

FILE: system/library/response.php
CODE: if ($this->output) {
LINE: 63
CODE: public function redirect($url, $status = 302) {
LINE: 15

FILE: admin/view/template/common/column_left.tpl
CODE: <?php foreach ($menus as $menu) { ?>
LINE: 17

FILE: catalog/controller/startup/seo_url.php
CODE: if (isset($this->request->get['_route_'])) {
LINE: 14
CODE: return $this->load->view(
LINE: 88

FILE: system/engine/event.php
CODE: $this->registry = $registry;
LINE: 14
----------------------------------------------------------------
MOD: Stories (Blog and News)
CODE: if ($url[0] == 'information_id') {
LINE: 56
CODE: if (isset($this->request->get['_route_'])) {
LINE: 20
CODE: if ($query->num_rows && $query->row['keyword']) {
LINE: 113
CODE: if (isset($this->request->get['product_id'])) {
LINE: 88
CODE: ($data['route'] == 'information/information' && $key == 'information_id')
LINE: 112
CODE: } elseif ($key == 'path') {
LINE: 136
----------------------------------------------------------------
2016-10-02 16:26:07 - MOD: Modification Default

FILE: system/engine/action.php
REGEX: ~(require|include)(_once)?\(([^)]+)~
LINE: 41

FILE: system/engine/loader.php
REGEX: ~(require|include)(_once)?\(([^)]+)~
LINE: 49
LINE: 108
LINE: 120
LINE: 165

FILE: system/library/config.php
REGEX: ~(require|include)(_once)?\(([^)]+)~
LINE: 23

FILE: system/library/language.php
REGEX: ~(require|include)(_once)?\(([^)]+)~
LINE: 38
LINE: 40
LINE: 49
LINE: 51
LINE: 60
LINE: 62

FILE: system/library/template/php.php
REGEX: ~(require|include)(_once)?\(([^)]+)~
LINE: 18

FILE: system/library/template/tiwg.php
REGEX: ~(require|include)(_once)?\(([^)]+)~
LINE: 24
----------------------------------------------------------------
MOD: BurnEngine

FILE: catalog/model/catalog/product.php
CODE: public function getProducts($data = array()) {
LINE: 63

FILE: catalog/controller/extension/module/latest.php
CODE: $filter_data = array(
LINE: 22
CODE: foreach ($results as $result) {
LINE: 37

FILE: system/library/response.php
CODE: if ($this->output) {
LINE: 63
CODE: public function redirect($url, $status = 302) {
LINE: 15

FILE: admin/view/template/common/column_left.tpl
CODE: <?php foreach ($menus as $menu) { ?>
LINE: 17

FILE: catalog/controller/startup/seo_url.php
CODE: if (isset($this->request->get['_route_'])) {
LINE: 14
CODE: return $this->load->view(
LINE: 88

FILE: system/engine/event.php
CODE: $this->registry = $registry;
LINE: 14
----------------------------------------------------------------
MOD: Stories (Blog and News)
CODE: if ($url[0] == 'information_id') {
LINE: 56
CODE: if (isset($this->request->get['_route_'])) {
LINE: 20
CODE: if ($query->num_rows && $query->row['keyword']) {
LINE: 113
CODE: if (isset($this->request->get['product_id'])) {
LINE: 88
CODE: ($data['route'] == 'information/information' && $key == 'information_id')
LINE: 112
CODE: } elseif ($key == 'path') {
LINE: 136
----------------------------------------------------------------
2016-10-02 16:43:03 - MOD: Modification Default

FILE: system/engine/action.php
REGEX: ~(require|include)(_once)?\(([^)]+)~
LINE: 41

FILE: system/engine/loader.php
REGEX: ~(require|include)(_once)?\(([^)]+)~
LINE: 49
LINE: 108
LINE: 120
LINE: 165

FILE: system/library/config.php
REGEX: ~(require|include)(_once)?\(([^)]+)~
LINE: 23

FILE: system/library/language.php
REGEX: ~(require|include)(_once)?\(([^)]+)~
LINE: 38
LINE: 40
LINE: 49
LINE: 51
LINE: 60
LINE: 62

FILE: system/library/template/php.php
REGEX: ~(require|include)(_once)?\(([^)]+)~
LINE: 18

FILE: system/library/template/tiwg.php
REGEX: ~(require|include)(_once)?\(([^)]+)~
LINE: 24
----------------------------------------------------------------
MOD: BurnEngine

FILE: catalog/model/catalog/product.php
CODE: public function getProducts($data = array()) {
LINE: 63

FILE: catalog/controller/extension/module/latest.php
CODE: $filter_data = array(
LINE: 22
CODE: foreach ($results as $result) {
LINE: 37

FILE: system/library/response.php
CODE: if ($this->output) {
LINE: 63
CODE: public function redirect($url, $status = 302) {
LINE: 15

FILE: admin/view/template/common/column_left.tpl
CODE: <?php foreach ($menus as $menu) { ?>
LINE: 17

FILE: catalog/controller/startup/seo_url.php
CODE: if (isset($this->request->get['_route_'])) {
LINE: 14
CODE: return $this->load->view(
LINE: 88

FILE: system/engine/event.php
CODE: $this->registry = $registry;
LINE: 14
----------------------------------------------------------------
MOD: Stories (Blog and News)
CODE: if ($url[0] == 'information_id') {
LINE: 56
CODE: if (isset($this->request->get['_route_'])) {
LINE: 20
CODE: if ($query->num_rows && $query->row['keyword']) {
LINE: 113
CODE: if (isset($this->request->get['product_id'])) {
LINE: 88
CODE: ($data['route'] == 'information/information' && $key == 'information_id')
LINE: 112
CODE: } elseif ($key == 'path') {
LINE: 136
----------------------------------------------------------------
2016-10-02 16:43:12 - MOD: Modification Default

FILE: system/engine/action.php
REGEX: ~(require|include)(_once)?\(([^)]+)~
LINE: 41

FILE: system/engine/loader.php
REGEX: ~(require|include)(_once)?\(([^)]+)~
LINE: 49
LINE: 108
LINE: 120
LINE: 165

FILE: system/library/config.php
REGEX: ~(require|include)(_once)?\(([^)]+)~
LINE: 23

FILE: system/library/language.php
REGEX: ~(require|include)(_once)?\(([^)]+)~
LINE: 38
LINE: 40
LINE: 49
LINE: 51
LINE: 60
LINE: 62

FILE: system/library/template/php.php
REGEX: ~(require|include)(_once)?\(([^)]+)~
LINE: 18

FILE: system/library/template/tiwg.php
REGEX: ~(require|include)(_once)?\(([^)]+)~
LINE: 24
----------------------------------------------------------------
MOD: BurnEngine

FILE: catalog/model/catalog/product.php
CODE: public function getProducts($data = array()) {
LINE: 63

FILE: catalog/controller/extension/module/latest.php
CODE: $filter_data = array(
LINE: 22
CODE: foreach ($results as $result) {
LINE: 37

FILE: system/library/response.php
CODE: if ($this->output) {
LINE: 63
CODE: public function redirect($url, $status = 302) {
LINE: 15

FILE: admin/view/template/common/column_left.tpl
CODE: <?php foreach ($menus as $menu) { ?>
LINE: 17

FILE: catalog/controller/startup/seo_url.php
CODE: if (isset($this->request->get['_route_'])) {
LINE: 14
CODE: return $this->load->view(
LINE: 88

FILE: system/engine/event.php
CODE: $this->registry = $registry;
LINE: 14
----------------------------------------------------------------
MOD: BurnEngine `SEO pack`
CODE: class ControllerStartupSeoUrl extends Controller {
LINE: 9
CODE: public function index() {
LINE: 20
CODE: public function index() {
LINE: 25
CODE: parse_str($url_info['query'], $data);
LINE: 105
CODE: return $url
LINE: 155
CODE: $query = $this->db->query("SELECT * FROM " . DB_PREFIX . "url_alias WHERE keyword = '" . $this->db->escape($part) . "'");
LINE: 46
CODE: $query = $this->db->query("SELECT * FROM " . DB_PREFIX . "url_alias WHERE `query` = '" . $this->db->escape($key . '=' . (int)$value) . "'");
LINE: 130
CODE: $query = $this->db->query("SELECT * FROM " . DB_PREFIX . "url_alias WHERE `query` = 'category_id=" . (int)$category . "'");
LINE: 141
CODE: foreach ($parts as $part) {
LINE: 48
CODE: if (isset($this->request->get['route'])) {
NOT FOUND - OPERATIONS ABORTED!

FILE: admin/view/template/catalog/product_form.tpl
CODE: <input type="text" name="keyword" value="<?php echo $keyword; ?>" placeholder="<?php echo $entry_keyword; ?>" id="input-keyword" class="form-control" />
LINE: 235

FILE: admin/view/template/catalog/category_form.tpl
CODE: <input type="text" name="keyword" value="<?php echo $keyword; ?>" placeholder="<?php echo $entry_keyword; ?>" id="input-keyword" class="form-control" />
LINE: 140

FILE: admin/view/template/catalog/manufacturer_form.tpl
CODE: <input type="text" name="keyword" value="<?php echo $keyword; ?>" placeholder="<?php echo $entry_keyword; ?>" id="input-keyword" class="form-control" />
LINE: 70

FILE: admin/view/template/catalog/information_form.tpl
CODE: <input type="text" name="keyword" value="<?php echo $keyword; ?>" placeholder="<?php echo $entry_keyword; ?>" id="input-keyword" class="form-control" />
LINE: 120

FILE: admin/model/catalog/product.php
CODE: if ($data['keyword']) {
LINE: 133
LINE: 305

FILE: admin/model/catalog/category.php
CODE: if ($data['keyword']) {
LINE: 166

FILE: admin/model/catalog/manufacturer.php
CODE: if ($data['keyword']) {
LINE: 63

FILE: admin/model/catalog/information.php
CODE: if ($data['keyword']) {
LINE: 79
CODE: 'meta_keyword'     => $result['meta_keyword'],
LINE: 473
CODE: 'meta_keyword'     => $result['meta_keyword'],
LINE: 280

FILE: admin/model/localisation/language.php
CODE: $this->db->query("DELETE FROM " . DB_PREFIX . "information_description WHERE language_id = '" . (int)$language_id . "'");
LINE: 231

FILE: catalog/view/theme/BurnEngine/template/common/language.tpl
CODE: <a href="javascript:;"
LINE: 14
LINE: 26
LINE: 40
CODE: final class Loader {
LINE: 4
----------------------------------------------------------------
MOD: Stories (Blog and News)
CODE: if ($url[0] == 'information_id') {
LINE: 93
CODE: if (isset($this->request->get['_route_'])) {
LINE: 43
CODE: if ($query->num_rows && $query->row['keyword']) {
LINE: 162
CODE: if (isset($this->request->get['product_id'])) {
LINE: 125
CODE: ($data['route'] == 'information/information' && $key == 'information_id')
LINE: 152
CODE: } elseif ($key == 'path') {
LINE: 185
----------------------------------------------------------------
2016-10-02 16:43:25 - MOD: Modification Default

FILE: system/engine/action.php
REGEX: ~(require|include)(_once)?\(([^)]+)~
LINE: 41

FILE: system/engine/loader.php
REGEX: ~(require|include)(_once)?\(([^)]+)~
LINE: 49
LINE: 108
LINE: 120
LINE: 165

FILE: system/library/config.php
REGEX: ~(require|include)(_once)?\(([^)]+)~
LINE: 23

FILE: system/library/language.php
REGEX: ~(require|include)(_once)?\(([^)]+)~
LINE: 38
LINE: 40
LINE: 49
LINE: 51
LINE: 60
LINE: 62

FILE: system/library/template/php.php
REGEX: ~(require|include)(_once)?\(([^)]+)~
LINE: 18

FILE: system/library/template/tiwg.php
REGEX: ~(require|include)(_once)?\(([^)]+)~
LINE: 24
----------------------------------------------------------------
MOD: BurnEngine

FILE: catalog/model/catalog/product.php
CODE: public function getProducts($data = array()) {
LINE: 63

FILE: catalog/controller/extension/module/latest.php
CODE: $filter_data = array(
LINE: 22
CODE: foreach ($results as $result) {
LINE: 37

FILE: system/library/response.php
CODE: if ($this->output) {
LINE: 63
CODE: public function redirect($url, $status = 302) {
LINE: 15

FILE: admin/view/template/common/column_left.tpl
CODE: <?php foreach ($menus as $menu) { ?>
LINE: 17

FILE: catalog/controller/startup/seo_url.php
CODE: if (isset($this->request->get['_route_'])) {
LINE: 14
CODE: return $this->load->view(
LINE: 88

FILE: system/engine/event.php
CODE: $this->registry = $registry;
LINE: 14
----------------------------------------------------------------
MOD: BurnEngine `Custom Product Fields`

FILE: admin/view/template/catalog/product_form.tpl
CODE: <?php echo $entry_meta_title; ?></label>
LINE: 76
CODE: <?php echo $footer; ?>
LINE: 1434

FILE: admin/controller/catalog/product.php
CODE: if (isset($this->request->post['product_description'])) {
LINE: 764

FILE: admin/model/catalog/product.php
CODE: $product_id = $this->db->getLastId();
LINE: 10
CODE: public function editProduct($product_id, $data) {
LINE: 138
CODE: final class Loader {
LINE: 4
----------------------------------------------------------------
MOD: BurnEngine `SEO pack`
CODE: class ControllerStartupSeoUrl extends Controller {
LINE: 9
CODE: public function index() {
LINE: 20
CODE: public function index() {
LINE: 25
CODE: parse_str($url_info['query'], $data);
LINE: 105
CODE: return $url
LINE: 155
CODE: $query = $this->db->query("SELECT * FROM " . DB_PREFIX . "url_alias WHERE keyword = '" . $this->db->escape($part) . "'");
LINE: 46
CODE: $query = $this->db->query("SELECT * FROM " . DB_PREFIX . "url_alias WHERE `query` = '" . $this->db->escape($key . '=' . (int)$value) . "'");
LINE: 130
CODE: $query = $this->db->query("SELECT * FROM " . DB_PREFIX . "url_alias WHERE `query` = 'category_id=" . (int)$category . "'");
LINE: 141
CODE: foreach ($parts as $part) {
LINE: 48
CODE: if (isset($this->request->get['route'])) {
NOT FOUND - OPERATIONS ABORTED!
CODE: <input type="text" name="keyword" value="<?php echo $keyword; ?>" placeholder="<?php echo $entry_keyword; ?>" id="input-keyword" class="form-control" />
LINE: 245

FILE: admin/view/template/catalog/category_form.tpl
CODE: <input type="text" name="keyword" value="<?php echo $keyword; ?>" placeholder="<?php echo $entry_keyword; ?>" id="input-keyword" class="form-control" />
LINE: 140

FILE: admin/view/template/catalog/manufacturer_form.tpl
CODE: <input type="text" name="keyword" value="<?php echo $keyword; ?>" placeholder="<?php echo $entry_keyword; ?>" id="input-keyword" class="form-control" />
LINE: 70

FILE: admin/view/template/catalog/information_form.tpl
CODE: <input type="text" name="keyword" value="<?php echo $keyword; ?>" placeholder="<?php echo $entry_keyword; ?>" id="input-keyword" class="form-control" />
LINE: 120
CODE: if ($data['keyword']) {
LINE: 138
LINE: 315

FILE: admin/model/catalog/category.php
CODE: if ($data['keyword']) {
LINE: 166

FILE: admin/model/catalog/manufacturer.php
CODE: if ($data['keyword']) {
LINE: 63

FILE: admin/model/catalog/information.php
CODE: if ($data['keyword']) {
LINE: 79
CODE: 'meta_keyword'     => $result['meta_keyword'],
LINE: 483
CODE: 'meta_keyword'     => $result['meta_keyword'],
LINE: 280

FILE: admin/model/localisation/language.php
CODE: $this->db->query("DELETE FROM " . DB_PREFIX . "information_description WHERE language_id = '" . (int)$language_id . "'");
LINE: 231

FILE: catalog/view/theme/BurnEngine/template/common/language.tpl
CODE: <a href="javascript:;"
LINE: 14
LINE: 26
LINE: 40
CODE: final class Loader {
LINE: 7
----------------------------------------------------------------
MOD: Stories (Blog and News)
CODE: if ($url[0] == 'information_id') {
LINE: 93
CODE: if (isset($this->request->get['_route_'])) {
LINE: 43
CODE: if ($query->num_rows && $query->row['keyword']) {
LINE: 162
CODE: if (isset($this->request->get['product_id'])) {
LINE: 125
CODE: ($data['route'] == 'information/information' && $key == 'information_id')
LINE: 152
CODE: } elseif ($key == 'path') {
LINE: 185
----------------------------------------------------------------
2016-10-02 16:43:36 - MOD: Modification Default

FILE: system/engine/action.php
REGEX: ~(require|include)(_once)?\(([^)]+)~
LINE: 41

FILE: system/engine/loader.php
REGEX: ~(require|include)(_once)?\(([^)]+)~
LINE: 49
LINE: 108
LINE: 120
LINE: 165

FILE: system/library/config.php
REGEX: ~(require|include)(_once)?\(([^)]+)~
LINE: 23

FILE: system/library/language.php
REGEX: ~(require|include)(_once)?\(([^)]+)~
LINE: 38
LINE: 40
LINE: 49
LINE: 51
LINE: 60
LINE: 62

FILE: system/library/template/php.php
REGEX: ~(require|include)(_once)?\(([^)]+)~
LINE: 18

FILE: system/library/template/tiwg.php
REGEX: ~(require|include)(_once)?\(([^)]+)~
LINE: 24
----------------------------------------------------------------
MOD: BurnEngine

FILE: catalog/model/catalog/product.php
CODE: public function getProducts($data = array()) {
LINE: 63

FILE: catalog/controller/extension/module/latest.php
CODE: $filter_data = array(
LINE: 22
CODE: foreach ($results as $result) {
LINE: 37

FILE: system/library/response.php
CODE: if ($this->output) {
LINE: 63
CODE: public function redirect($url, $status = 302) {
LINE: 15

FILE: admin/view/template/common/column_left.tpl
CODE: <?php foreach ($menus as $menu) { ?>
LINE: 17

FILE: catalog/controller/startup/seo_url.php
CODE: if (isset($this->request->get['_route_'])) {
LINE: 14
CODE: return $this->load->view(
LINE: 88

FILE: system/engine/event.php
CODE: $this->registry = $registry;
LINE: 14
----------------------------------------------------------------
MOD: BurnEngine `Custom Product Fields`

FILE: admin/view/template/catalog/product_form.tpl
CODE: <?php echo $entry_meta_title; ?></label>
LINE: 76
CODE: <?php echo $footer; ?>
LINE: 1434

FILE: admin/controller/catalog/product.php
CODE: if (isset($this->request->post['product_description'])) {
LINE: 764

FILE: admin/model/catalog/product.php
CODE: $product_id = $this->db->getLastId();
LINE: 10
CODE: public function editProduct($product_id, $data) {
LINE: 138
CODE: final class Loader {
LINE: 4
----------------------------------------------------------------
MOD: BurnEngine `OpenCart Performance+`
CODE: final class Loader {
LINE: 20

FILE: system/library/db.php
CODE: public function query($sql
LINE: 28

FILE: system/library/url.php
CODE: private $ssl;
LINE: 8
CODE: foreach ($this->rewrite as $rewrite) {
LINE: 52
CODE: return $url;
LINE: 63
CODE: echo $output;
LINE: 83
----------------------------------------------------------------
MOD: BurnEngine `SEO pack`
CODE: class ControllerStartupSeoUrl extends Controller {
LINE: 9
CODE: public function index() {
LINE: 20
CODE: public function index() {
LINE: 25
CODE: parse_str($url_info['query'], $data);
LINE: 105
CODE: return $url
LINE: 155
CODE: $query = $this->db->query("SELECT * FROM " . DB_PREFIX . "url_alias WHERE keyword = '" . $this->db->escape($part) . "'");
LINE: 46
CODE: $query = $this->db->query("SELECT * FROM " . DB_PREFIX . "url_alias WHERE `query` = '" . $this->db->escape($key . '=' . (int)$value) . "'");
LINE: 130
CODE: $query = $this->db->query("SELECT * FROM " . DB_PREFIX . "url_alias WHERE `query` = 'category_id=" . (int)$category . "'");
LINE: 141
CODE: foreach ($parts as $part) {
LINE: 48
CODE: if (isset($this->request->get['route'])) {
NOT FOUND - OPERATIONS ABORTED!
CODE: <input type="text" name="keyword" value="<?php echo $keyword; ?>" placeholder="<?php echo $entry_keyword; ?>" id="input-keyword" class="form-control" />
LINE: 245

FILE: admin/view/template/catalog/category_form.tpl
CODE: <input type="text" name="keyword" value="<?php echo $keyword; ?>" placeholder="<?php echo $entry_keyword; ?>" id="input-keyword" class="form-control" />
LINE: 140

FILE: admin/view/template/catalog/manufacturer_form.tpl
CODE: <input type="text" name="keyword" value="<?php echo $keyword; ?>" placeholder="<?php echo $entry_keyword; ?>" id="input-keyword" class="form-control" />
LINE: 70

FILE: admin/view/template/catalog/information_form.tpl
CODE: <input type="text" name="keyword" value="<?php echo $keyword; ?>" placeholder="<?php echo $entry_keyword; ?>" id="input-keyword" class="form-control" />
LINE: 120
CODE: if ($data['keyword']) {
LINE: 138
LINE: 315

FILE: admin/model/catalog/category.php
CODE: if ($data['keyword']) {
LINE: 166

FILE: admin/model/catalog/manufacturer.php
CODE: if ($data['keyword']) {
LINE: 63

FILE: admin/model/catalog/information.php
CODE: if ($data['keyword']) {
LINE: 79
CODE: 'meta_keyword'     => $result['meta_keyword'],
LINE: 483
CODE: 'meta_keyword'     => $result['meta_keyword'],
LINE: 280

FILE: admin/model/localisation/language.php
CODE: $this->db->query("DELETE FROM " . DB_PREFIX . "information_description WHERE language_id = '" . (int)$language_id . "'");
LINE: 231

FILE: catalog/view/theme/BurnEngine/template/common/language.tpl
CODE: <a href="javascript:;"
LINE: 14
LINE: 26
LINE: 40
CODE: final class Loader {
LINE: 23
----------------------------------------------------------------
MOD: Stories (Blog and News)
CODE: if ($url[0] == 'information_id') {
LINE: 93
CODE: if (isset($this->request->get['_route_'])) {
LINE: 43
CODE: if ($query->num_rows && $query->row['keyword']) {
LINE: 162
CODE: if (isset($this->request->get['product_id'])) {
LINE: 125
CODE: ($data['route'] == 'information/information' && $key == 'information_id')
LINE: 152
CODE: } elseif ($key == 'path') {
LINE: 185
----------------------------------------------------------------
2016-10-02 16:43:51 - MOD: Modification Default

FILE: system/engine/action.php
REGEX: ~(require|include)(_once)?\(([^)]+)~
LINE: 41

FILE: system/engine/loader.php
REGEX: ~(require|include)(_once)?\(([^)]+)~
LINE: 49
LINE: 108
LINE: 120
LINE: 165

FILE: system/library/config.php
REGEX: ~(require|include)(_once)?\(([^)]+)~
LINE: 23

FILE: system/library/language.php
REGEX: ~(require|include)(_once)?\(([^)]+)~
LINE: 38
LINE: 40
LINE: 49
LINE: 51
LINE: 60
LINE: 62

FILE: system/library/template/php.php
REGEX: ~(require|include)(_once)?\(([^)]+)~
LINE: 18

FILE: system/library/template/tiwg.php
REGEX: ~(require|include)(_once)?\(([^)]+)~
LINE: 24
----------------------------------------------------------------
MOD: BurnEngine

FILE: catalog/model/catalog/product.php
CODE: public function getProducts($data = array()) {
LINE: 63

FILE: catalog/controller/extension/module/latest.php
CODE: $filter_data = array(
LINE: 22
CODE: foreach ($results as $result) {
LINE: 37

FILE: system/library/response.php
CODE: if ($this->output) {
LINE: 63
CODE: public function redirect($url, $status = 302) {
LINE: 15

FILE: admin/view/template/common/column_left.tpl
CODE: <?php foreach ($menus as $menu) { ?>
LINE: 17

FILE: catalog/controller/startup/seo_url.php
CODE: if (isset($this->request->get['_route_'])) {
LINE: 14
CODE: return $this->load->view(
LINE: 88

FILE: system/engine/event.php
CODE: $this->registry = $registry;
LINE: 14
----------------------------------------------------------------
MOD: BurnEngine `Custom Product Fields`

FILE: admin/view/template/catalog/product_form.tpl
CODE: <?php echo $entry_meta_title; ?></label>
LINE: 76
CODE: <?php echo $footer; ?>
LINE: 1434

FILE: admin/controller/catalog/product.php
CODE: if (isset($this->request->post['product_description'])) {
LINE: 764

FILE: admin/model/catalog/product.php
CODE: $product_id = $this->db->getLastId();
LINE: 10
CODE: public function editProduct($product_id, $data) {
LINE: 138
CODE: final class Loader {
LINE: 4
----------------------------------------------------------------
MOD: BurnEngine `OpenCart Performance+`
CODE: final class Loader {
LINE: 20

FILE: system/library/db.php
CODE: public function query($sql
LINE: 28

FILE: system/library/url.php
CODE: private $ssl;
LINE: 8
CODE: foreach ($this->rewrite as $rewrite) {
LINE: 52
CODE: return $url;
LINE: 63
CODE: echo $output;
LINE: 83
----------------------------------------------------------------
MOD: BurnEngine `SEO pack`
CODE: class ControllerStartupSeoUrl extends Controller {
LINE: 9
CODE: public function index() {
LINE: 20
CODE: public function index() {
LINE: 25
CODE: parse_str($url_info['query'], $data);
LINE: 105
CODE: return $url
LINE: 155
CODE: $query = $this->db->query("SELECT * FROM " . DB_PREFIX . "url_alias WHERE keyword = '" . $this->db->escape($part) . "'");
LINE: 46
CODE: $query = $this->db->query("SELECT * FROM " . DB_PREFIX . "url_alias WHERE `query` = '" . $this->db->escape($key . '=' . (int)$value) . "'");
LINE: 130
CODE: $query = $this->db->query("SELECT * FROM " . DB_PREFIX . "url_alias WHERE `query` = 'category_id=" . (int)$category . "'");
LINE: 141
CODE: foreach ($parts as $part) {
LINE: 48
CODE: if (isset($this->request->get['route'])) {
NOT FOUND - OPERATIONS ABORTED!
CODE: <input type="text" name="keyword" value="<?php echo $keyword; ?>" placeholder="<?php echo $entry_keyword; ?>" id="input-keyword" class="form-control" />
LINE: 245

FILE: admin/view/template/catalog/category_form.tpl
CODE: <input type="text" name="keyword" value="<?php echo $keyword; ?>" placeholder="<?php echo $entry_keyword; ?>" id="input-keyword" class="form-control" />
LINE: 140

FILE: admin/view/template/catalog/manufacturer_form.tpl
CODE: <input type="text" name="keyword" value="<?php echo $keyword; ?>" placeholder="<?php echo $entry_keyword; ?>" id="input-keyword" class="form-control" />
LINE: 70

FILE: admin/view/template/catalog/information_form.tpl
CODE: <input type="text" name="keyword" value="<?php echo $keyword; ?>" placeholder="<?php echo $entry_keyword; ?>" id="input-keyword" class="form-control" />
LINE: 120
CODE: if ($data['keyword']) {
LINE: 138
LINE: 315

FILE: admin/model/catalog/category.php
CODE: if ($data['keyword']) {
LINE: 166

FILE: admin/model/catalog/manufacturer.php
CODE: if ($data['keyword']) {
LINE: 63

FILE: admin/model/catalog/information.php
CODE: if ($data['keyword']) {
LINE: 79
CODE: 'meta_keyword'     => $result['meta_keyword'],
LINE: 483
CODE: 'meta_keyword'     => $result['meta_keyword'],
LINE: 280

FILE: admin/model/localisation/language.php
CODE: $this->db->query("DELETE FROM " . DB_PREFIX . "information_description WHERE language_id = '" . (int)$language_id . "'");
LINE: 231

FILE: catalog/view/theme/BurnEngine/template/common/language.tpl
CODE: <a href="javascript:;"
LINE: 14
LINE: 26
LINE: 40
CODE: final class Loader {
LINE: 23
----------------------------------------------------------------
MOD: Stories (Blog and News)
CODE: if ($url[0] == 'information_id') {
LINE: 93
CODE: if (isset($this->request->get['_route_'])) {
LINE: 43
CODE: if ($query->num_rows && $query->row['keyword']) {
LINE: 162
CODE: if (isset($this->request->get['product_id'])) {
LINE: 125
CODE: ($data['route'] == 'information/information' && $key == 'information_id')
LINE: 152
CODE: } elseif ($key == 'path') {
LINE: 185
----------------------------------------------------------------
2016-10-02 16:43:53 - MOD: Modification Default

FILE: system/engine/action.php
REGEX: ~(require|include)(_once)?\(([^)]+)~
LINE: 41

FILE: system/engine/loader.php
REGEX: ~(require|include)(_once)?\(([^)]+)~
LINE: 49
LINE: 108
LINE: 120
LINE: 165

FILE: system/library/config.php
REGEX: ~(require|include)(_once)?\(([^)]+)~
LINE: 23

FILE: system/library/language.php
REGEX: ~(require|include)(_once)?\(([^)]+)~
LINE: 38
LINE: 40
LINE: 49
LINE: 51
LINE: 60
LINE: 62

FILE: system/library/template/php.php
REGEX: ~(require|include)(_once)?\(([^)]+)~
LINE: 18

FILE: system/library/template/tiwg.php
REGEX: ~(require|include)(_once)?\(([^)]+)~
LINE: 24
----------------------------------------------------------------
MOD: BurnEngine

FILE: catalog/model/catalog/product.php
CODE: public function getProducts($data = array()) {
LINE: 63

FILE: catalog/controller/extension/module/latest.php
CODE: $filter_data = array(
LINE: 22
CODE: foreach ($results as $result) {
LINE: 37

FILE: system/library/response.php
CODE: if ($this->output) {
LINE: 63
CODE: public function redirect($url, $status = 302) {
LINE: 15

FILE: admin/view/template/common/column_left.tpl
CODE: <?php foreach ($menus as $menu) { ?>
LINE: 17

FILE: catalog/controller/startup/seo_url.php
CODE: if (isset($this->request->get['_route_'])) {
LINE: 14
CODE: return $this->load->view(
LINE: 88

FILE: system/engine/event.php
CODE: $this->registry = $registry;
LINE: 14
----------------------------------------------------------------
MOD: BurnEngine `Also Bought Products`

FILE: catalog/model/checkout/order.php
CODE: $this->load->model('tool/upload');
LINE: 514
CODE: final class Loader {
LINE: 4
----------------------------------------------------------------
MOD: BurnEngine `Custom Product Fields`

FILE: admin/view/template/catalog/product_form.tpl
CODE: <?php echo $entry_meta_title; ?></label>
LINE: 76
CODE: <?php echo $footer; ?>
LINE: 1434

FILE: admin/controller/catalog/product.php
CODE: if (isset($this->request->post['product_description'])) {
LINE: 764

FILE: admin/model/catalog/product.php
CODE: $product_id = $this->db->getLastId();
LINE: 10
CODE: public function editProduct($product_id, $data) {
LINE: 138
CODE: final class Loader {
LINE: 7
----------------------------------------------------------------
MOD: BurnEngine `OpenCart Performance+`
CODE: final class Loader {
LINE: 23

FILE: system/library/db.php
CODE: public function query($sql
LINE: 28

FILE: system/library/url.php
CODE: private $ssl;
LINE: 8
CODE: foreach ($this->rewrite as $rewrite) {
LINE: 52
CODE: return $url;
LINE: 63
CODE: echo $output;
LINE: 83
----------------------------------------------------------------
MOD: BurnEngine `SEO pack`
CODE: class ControllerStartupSeoUrl extends Controller {
LINE: 9
CODE: public function index() {
LINE: 20
CODE: public function index() {
LINE: 25
CODE: parse_str($url_info['query'], $data);
LINE: 105
CODE: return $url
LINE: 155
CODE: $query = $this->db->query("SELECT * FROM " . DB_PREFIX . "url_alias WHERE keyword = '" . $this->db->escape($part) . "'");
LINE: 46
CODE: $query = $this->db->query("SELECT * FROM " . DB_PREFIX . "url_alias WHERE `query` = '" . $this->db->escape($key . '=' . (int)$value) . "'");
LINE: 130
CODE: $query = $this->db->query("SELECT * FROM " . DB_PREFIX . "url_alias WHERE `query` = 'category_id=" . (int)$category . "'");
LINE: 141
CODE: foreach ($parts as $part) {
LINE: 48
CODE: if (isset($this->request->get['route'])) {
NOT FOUND - OPERATIONS ABORTED!
CODE: <input type="text" name="keyword" value="<?php echo $keyword; ?>" placeholder="<?php echo $entry_keyword; ?>" id="input-keyword" class="form-control" />
LINE: 245

FILE: admin/view/template/catalog/category_form.tpl
CODE: <input type="text" name="keyword" value="<?php echo $keyword; ?>" placeholder="<?php echo $entry_keyword; ?>" id="input-keyword" class="form-control" />
LINE: 140

FILE: admin/view/template/catalog/manufacturer_form.tpl
CODE: <input type="text" name="keyword" value="<?php echo $keyword; ?>" placeholder="<?php echo $entry_keyword; ?>" id="input-keyword" class="form-control" />
LINE: 70

FILE: admin/view/template/catalog/information_form.tpl
CODE: <input type="text" name="keyword" value="<?php echo $keyword; ?>" placeholder="<?php echo $entry_keyword; ?>" id="input-keyword" class="form-control" />
LINE: 120
CODE: if ($data['keyword']) {
LINE: 138
LINE: 315

FILE: admin/model/catalog/category.php
CODE: if ($data['keyword']) {
LINE: 166

FILE: admin/model/catalog/manufacturer.php
CODE: if ($data['keyword']) {
LINE: 63

FILE: admin/model/catalog/information.php
CODE: if ($data['keyword']) {
LINE: 79
CODE: 'meta_keyword'     => $result['meta_keyword'],
LINE: 483
CODE: 'meta_keyword'     => $result['meta_keyword'],
LINE: 280

FILE: admin/model/localisation/language.php
CODE: $this->db->query("DELETE FROM " . DB_PREFIX . "information_description WHERE language_id = '" . (int)$language_id . "'");
LINE: 231

FILE: catalog/view/theme/BurnEngine/template/common/language.tpl
CODE: <a href="javascript:;"
LINE: 14
LINE: 26
LINE: 40
CODE: final class Loader {
LINE: 26
----------------------------------------------------------------
MOD: Stories (Blog and News)
CODE: if ($url[0] == 'information_id') {
LINE: 93
CODE: if (isset($this->request->get['_route_'])) {
LINE: 43
CODE: if ($query->num_rows && $query->row['keyword']) {
LINE: 162
CODE: if (isset($this->request->get['product_id'])) {
LINE: 125
CODE: ($data['route'] == 'information/information' && $key == 'information_id')
LINE: 152
CODE: } elseif ($key == 'path') {
LINE: 185
----------------------------------------------------------------
